=== Music Text Parser Development Log - 2025-09-06 22:10:37 UTC ===
[2025-09-06 22:10:37.355] INFO - Music Text Parser server starting up
[2025-09-06 22:10:37.355] INFO - Server binding successful on 127.0.0.1:3001
[2025-09-06 22:11:07.832] INFO - API request received with input: 'स रे ग'
[2025-09-06 22:11:07.832] ERROR - PEST parsing failed:  --> 1:7
  |
1 | स रे ग
  |       ^---
  |
  = expected musical_element_no_barline, accidentals, or barline
[2025-09-06 22:11:22.708] INFO - API request received with input: '1 2 3'
[2025-09-06 22:11:22.708] ERROR - PEST parsing failed:  --> 1:6
  |
1 | 1 2 3
  |      ^---
  |
  = expected musical_element_no_barline, accidentals, or barline
[2025-09-06 22:11:34.893] INFO - API request received with input: '123'
[2025-09-06 22:11:34.894] ERROR - PEST parsing failed:  --> 1:4
  |
1 | 123
  |    ^---
  |
  = expected musical_element_no_barline, accidentals, or barline
[2025-09-06 22:12:03.987] INFO - API request received with input: '1|





'
[2025-09-06 22:12:03.987] INFO - Detected notation systems: [Number]
[2025-09-06 22:12:03.987] INFO - Generated outputs - lily: true, vexflow: true
[2025-09-06 22:12:54.618] INFO - API request received with input: '1|




'
[2025-09-06 22:12:54.619] INFO - Detected notation systems: [Number]
[2025-09-06 22:12:54.619] INFO - Generated outputs - lily: true, vexflow: true
[2025-09-06 22:16:08.583] INFO - API request received with input: '1|'
[2025-09-06 22:16:08.583] INFO - Detected notation systems: [Number]
[2025-09-06 22:16:08.583] INFO - Generated outputs - lily: true, vexflow: true
[2025-09-06 22:16:13.288] INFO - API request received with input: '1|





'
[2025-09-06 22:16:13.288] INFO - Detected notation systems: [Number]
[2025-09-06 22:16:13.288] INFO - Generated outputs - lily: true, vexflow: true
[2025-09-06 22:17:00.668] INFO - API request received with input: '1|







'
[2025-09-06 22:17:00.669] INFO - Detected notation systems: [Number]
[2025-09-06 22:17:00.669] INFO - Generated outputs - lily: true, vexflow: true
[2025-09-06 22:18:27.603] INFO - API request received with input: '1|
6|'
[2025-09-06 22:18:27.603] ERROR - PEST parsing failed:  --> 2:1
  |
2 | 6|
  | ^---
  |
  = expected EOI
[2025-09-06 22:18:54.387] INFO - API request received with input: '1|

6|'
[2025-09-06 22:18:54.387] INFO - Detected notation systems: [Number]
[2025-09-06 22:18:54.387] INFO - Generated outputs - lily: true, vexflow: true
[2025-09-06 22:20:07.741] INFO - API request received with input: '1|

1|
'
[2025-09-06 22:20:07.741] INFO - Detected notation systems: [Number]
[2025-09-06 22:20:07.742] INFO - Generated outputs - lily: true, vexflow: true
[2025-09-06 22:20:31.345] INFO - API request received with input: '1|

1|
'
[2025-09-06 22:20:31.346] INFO - Detected notation systems: [Number]
[2025-09-06 22:20:31.346] INFO - Generated outputs - lily: true, vexflow: true
[2025-09-06 22:28:04.681] INFO - API request received with input: '1|

6|'
[2025-09-06 22:28:04.681] INFO - Detected notation systems: [Number]
[2025-09-06 22:28:04.684] INFO - Generated outputs - lily: true, vexflow: true
[2025-09-06 22:32:43.401] INFO - API request received with input: '1|

6|
'
[2025-09-06 22:32:43.401] INFO - Detected notation systems: [Number]
[2025-09-06 22:32:43.401] INFO - Generated outputs - lily: true, vexflow: true
